<?xml version="1.0" encoding="UTF-8"?>
<testsuite xmlns:xsi="http://www.w3.org/2001/XMLSchema-instance" xsi:noNamespaceSchemaLocation="https://maven.apache.org/surefire/maven-surefire-plugin/xsd/surefire-test-report-3.0.xsd" version="3.0" name="za.co.flash.demo.sanitize.service.SanitizerServiceImplTest" time="24.009" tests="12" errors="1" skipped="0" failures="0">
  <properties>
[...]
</properties>
  <testcase name="testAddWord_DuplicateRecord_ThrowsException" classname="za.co.flash.demo.sanitize.service.SanitizerServiceImplTest" time="22.084"/>
  <testcase name="testUpdateWord_Success" classname="za.co.flash.demo.sanitize.service.SanitizerServiceImplTest" time="0.383"/>
  <testcase name="testAddWord_NewRecordAddedSuccessfully" classname="za.co.flash.demo.sanitize.service.SanitizerServiceImplTest" time="0.023"/>
  <testcase name="testSanitize_OutputWhenListOfReservedWordsAreGivenInAString" classname="za.co.flash.demo.sanitize.service.SanitizerServiceImplTest" time="0.209">
    <error message="Word contains invalid characters" type="java.lang.IllegalArgumentException"><![CDATA[java.lang.IllegalArgumentException: Word contains invalid characters
	at za.co.flash.demo.sanitize.utils.WordValidator.validateWord(WordValidator.java:14)
	at za.co.flash.demo.sanitize.service.SanitizerServiceImpl.sanitizeWord(SanitizerServiceImpl.java:27)
	at za.co.flash.demo.sanitize.service.SanitizerServiceImplTest.testSanitize_OutputWhenListOfReservedWordsAreGivenInAString(SanitizerServiceImplTest.java:68)
	at java.base/java.lang.reflect.Method.invoke(Method.java:569)
	at java.base/java.util.ArrayList.forEach(ArrayList.java:1511)
	at java.base/java.util.ArrayList.forEach(ArrayList.java:1511)
]]></error>
  </testcase>
  <testcase name="testDeleteWordById_RecordDoesNotExist" classname="za.co.flash.demo.sanitize.service.SanitizerServiceImplTest" time="0.248"/>
  <testcase name="testUpdateWord_OldWordDoesNotExist_ThrowsException" classname="za.co.flash.demo.sanitize.service.SanitizerServiceImplTest" time="0.062"/>
  <testcase name="testUpdateWord_NewWordAlreadyExists_ThrowsException" classname="za.co.flash.demo.sanitize.service.SanitizerServiceImplTest" time="0.076"/>
  <testcase name="testSanitize_OuputForDifferentReservedWords(String)[1]" classname="za.co.flash.demo.sanitize.service.SanitizerServiceImplTest" time="0.071"/>
  <testcase name="testSanitize_OuputForDifferentReservedWords(String)[2]" classname="za.co.flash.demo.sanitize.service.SanitizerServiceImplTest" time="0.005"/>
  <testcase name="testSanitize_OuputForDifferentReservedWords(String)[3]" classname="za.co.flash.demo.sanitize.service.SanitizerServiceImplTest" time="0.005"/>
  <testcase name="findAllWords" classname="za.co.flash.demo.sanitize.service.SanitizerServiceImplTest" time="0.009"/>
  <testcase name="testDeleteWordById_RecordExists" classname="za.co.flash.demo.sanitize.service.SanitizerServiceImplTest" time="0.005"/>
</testsuite>